#
# There is insufficient memory for the Java Runtime Environment to continue.
# Native memory allocation (mmap) failed to map 199229440 bytes for G1 virtual space
# Possible reasons:
#   The system is out of physical RAM or swap space
#   The process is running with CompressedOops enabled, and the Java Heap may be blocking the growth of the native heap
# Possible solutions:
#   Reduce memory load on the system
#   Increase physical memory or swap space
#   Check if swap backing store is full
#   Decrease Java heap size (-Xmx/-Xms)
#   Decrease number of Java threads
#   Decrease Java thread stack sizes (-Xss)
#   Set larger code cache with -XX:ReservedCodeCacheSize=
#   JVM is running with Zero Based Compressed Oops mode in which the Java heap is
#     placed in the first 32GB address space. The Java Heap base address is the
#     maximum limit for the native heap growth. Please use -XX:HeapBaseMinAddress
#     to set the Java Heap base and to place the Java Heap above 32GB virtual address.
# This output file may be truncated or incomplete.
#
#  Out of Memory Error (os_windows.cpp:3469), pid=16124, tid=13552
#
# JRE version:  (17.0+35) (build )
# Java VM: Java HotSpot(TM) 64-Bit Server VM (17+35-LTS-2724, mixed mode, sharing, tiered, compressed oops, compressed class ptrs, g1 gc, windows-amd64)
# No core dump will be written. Minidumps are not enabled by default on client versions of Windows
#

---------------  S U M M A R Y ------------

Command Line: -Dfile.encoding=UTF-8 -XX:+ShowCodeDetailsInExceptionMessages server.Server

Host: Intel(R) Core(TM) i3-7100U CPU @ 2.40GHz, 4 cores, 11G,  Windows 10 , 64 bit Build 22000 (10.0.22000.1219)
Time: Mon Nov 14 17:34:56 2022 SE Asia Standard Time elapsed time: 0.024329 seconds (0d 0h 0m 0s)

---------------  T H R E A D  ---------------

Current thread (0x0000019994a8e130):  JavaThread "Unknown thread" [_thread_in_vm, id=13552, stack(0x0000002d8dd00000,0x0000002d8de00000)]

Stack: [0x0000002d8dd00000,0x0000002d8de00000]
Native frames: (J=compiled Java code, j=interpreted, Vv=VM code, C=native code)
V  [jvm.dll+0x66f8ea]
V  [jvm.dll+0x7ce224]
V  [jvm.dll+0x7cf9ce]
V  [jvm.dll+0x7d0033]
V  [jvm.dll+0x242bb5]
V  [jvm.dll+0x66c909]
V  [jvm.dll+0x6613d2]
V  [jvm.dll+0x30082b]
V  [jvm.dll+0x307db6]
V  [jvm.dll+0x357a0e]
V  [jvm.dll+0x357c3f]
V  [jvm.dll+0x2d7ae8]
V  [jvm.dll+0x2d8a54]
V  [jvm.dll+0x7a00a1]
V  [jvm.dll+0x365781]
V  [jvm.dll+0x77f59c]
V  [jvm.dll+0x3e805f]
V  [jvm.dll+0x3e9b01]
C  [jli.dll+0x527b]
C  [ucrtbase.dll+0x26c0c]
C  [KERNEL32.DLL+0x15550]
C  [ntdll.dll+0x485b]


---------------  P R O C E S S  ---------------

Threads class SMR info:
_java_thread_list=0x00007ffce5617818, length=0, elements={
}

Java Threads: ( => current thread )

Other Threads:
  0x0000019994ad1eb0 GCTaskThread "GC Thread#0" [stack: 0x0000002d8de00000,0x0000002d8df00000] [id=15144]
  0x0000019994aded50 ConcurrentGCThread "G1 Main Marker" [stack: 0x0000002d8df00000,0x0000002d8e000000] [id=16012]
  0x0000019994ae0db0 ConcurrentGCThread "G1 Conc#0" [stack: 0x0000002d8e000000,0x0000002d8e100000] [id=16944]

[error occurred during error reporting (printing all threads), id 0xc0000005, EXCEPTION_ACCESS_VIOLATION (0xc0000005) at pc=0x00007ffce4e684c7]

VM state: not at safepoint (not fully initialized)

VM Mutex/Monitor currently owned by a thread:  ([mutex/lock_event])
[0x0000019994a8ad00] Heap_lock - owner thread: 0x0000019994a8e130

Heap address: 0x0000000742000000, size: 3040 MB, Compressed Oops mode: Zero based, Oop shift amount: 3

CDS archive(s) mapped at: [0x0000000000000000-0x0000000000000000-0x0000000000000000), size 0, SharedBaseAddress: 0x0000000800000000, ArchiveRelocationMode: 0.
Narrow klass base: 0x0000000000000000, Narrow klass shift: 0, Narrow klass range: 0x0

GC Precious Log:
<Empty>

Heap:
 garbage-first heap   total 0K, used 0K [0x0000000742000000, 0x0000000800000000)
  region size 2048K, 0 young (0K), 0 survivors (0K)

[error occurred during error reporting (printing heap information), id 0xc0000005, EXCEPTION_ACCESS_VIOLATION (0xc0000005) at pc=0x00007ffce5248c59]

GC Heap History (0 events):
No events

Deoptimization events (0 events):
No events

Classes unloaded (0 events):
No events

Classes redefined (0 events):
No events

Internal exceptions (0 events):
No events

VM Operations (0 events):
No events

Events (1 events):
Event: 0.012 Loaded shared library C:\Program Files\Java\jdk-17\bin\java.dll


Dynamic libraries:
0x00007ff750fd0000 - 0x00007ff750fe0000 	C:\Program Files\Java\jdk-17\bin\javaw.exe
0x00007ffd16200000 - 0x00007ffd16409000 	C:\Windows\SYSTEM32\ntdll.dll
0x00007ffd150b0000 - 0x00007ffd1516e000 	C:\Windows\System32\KERNEL32.DLL
0x00007ffd13af0000 - 0x00007ffd13e6b000 	C:\Windows\System32\KERNELBASE.dll
0x00007ffd138e0000 - 0x00007ffd139f1000 	C:\Windows\System32\ucrtbase.dll
0x00007ffcf86f0000 - 0x00007ffcf8708000 	C:\Program Files\Java\jdk-17\bin\jli.dll
0x00007ffd15da0000 - 0x00007ffd15e4e000 	C:\Windows\System32\ADVAPI32.dll
0x00007ffd14140000 - 0x00007ffd141e3000 	C:\Windows\System32\msvcrt.dll
0x00007ffd15e50000 - 0x00007ffd15eee000 	C:\Windows\System32\sechost.dll
0x00007ffd14a30000 - 0x00007ffd14b50000 	C:\Windows\System32\RPCRT4.dll
0x00007ffd14880000 - 0x00007ffd14a2d000 	C:\Windows\System32\USER32.dll
0x00007ffd13ac0000 - 0x00007ffd13ae6000 	C:\Windows\System32\win32u.dll
0x00007ffd140b0000 - 0x00007ffd140d9000 	C:\Windows\System32\GDI32.dll
0x00007ffd13f60000 - 0x00007ffd14078000 	C:\Windows\System32\gdi32full.dll
0x00007ffd136d0000 - 0x00007ffd1376d000 	C:\Windows\System32\msvcp_win.dll
0x00007ffcf86d0000 - 0x00007ffcf86ea000 	C:\Program Files\Java\jdk-17\bin\VCRUNTIME140.dll
0x00007ffd01540000 - 0x00007ffd017e5000 	C:\Windows\WinSxS\amd64_microsoft.windows.common-controls_6595b64144ccf1df_6.0.22000.120_none_9d947278b86cc467\COMCTL32.dll
0x00007ffd0ad30000 - 0x00007ffd0ad3a000 	C:\Windows\SYSTEM32\VERSION.dll
0x00007ffd15070000 - 0x00007ffd150a2000 	C:\Windows\System32\IMM32.DLL
0x00007ffcfd580000 - 0x00007ffcfd58c000 	C:\Program Files\Java\jdk-17\bin\vcruntime140_1.dll
0x00007ffcb2fe0000 - 0x00007ffcb306d000 	C:\Program Files\Java\jdk-17\bin\msvcp140.dll
0x00007ffce4b80000 - 0x00007ffce573e000 	C:\Program Files\Java\jdk-17\bin\server\jvm.dll
0x00007ffd161a0000 - 0x00007ffd161a8000 	C:\Windows\System32\PSAPI.DLL
0x00007ffcffbc0000 - 0x00007ffcffbc9000 	C:\Windows\SYSTEM32\WSOCK32.dll
0x00007ffd15ef0000 - 0x00007ffd15f5f000 	C:\Windows\System32\WS2_32.dll
0x00007ffd0c190000 - 0x00007ffd0c1c3000 	C:\Windows\SYSTEM32\WINMM.dll
0x00007ffd12750000 - 0x00007ffd12768000 	C:\Windows\SYSTEM32\kernel.appcore.dll
0x00007ffce7990000 - 0x00007ffce799a000 	C:\Program Files\Java\jdk-17\bin\jimage.dll
0x00007ffd11320000 - 0x00007ffd11541000 	C:\Windows\SYSTEM32\DBGHELP.DLL
0x00007ffcfcba0000 - 0x00007ffcfcbd1000 	C:\Windows\SYSTEM32\dbgcore.DLL
0x00007ffd13e70000 - 0x00007ffd13eef000 	C:\Windows\System32\bcryptPrimitives.dll
0x00007ffce2340000 - 0x00007ffce2365000 	C:\Program Files\Java\jdk-17\bin\java.dll

dbghelp: loaded successfully - version: 4.0.5 - missing functions: none
symbol engine: initialized successfully - sym options: 0x614 - pdb path: .;C:\Program Files\Java\jdk-17\bin;C:\Windows\SYSTEM32;C:\Windows\WinSxS\amd64_microsoft.windows.common-controls_6595b64144ccf1df_6.0.22000.120_none_9d947278b86cc467;C:\Program Files\Java\jdk-17\bin\server

VM Arguments:
jvm_args: -Dfile.encoding=UTF-8 -XX:+ShowCodeDetailsInExceptionMessages 
java_command: server.Server
java_class_path (initial): D:\HK1(2022-2023)\PhanTanJava\workspaceBaoCao\Nhom17-UngDungThiTrachNghiem-Server\target\classes;C:\Users\vodan\.m2\repository\com\microsoft\sqlserver\mssql-jdbc\11.2.1.jre11\mssql-jdbc-11.2.1.jre11.jar;C:\Users\vodan\.m2\repository\org\hibernate\orm\hibernate-core\6.1.4.Final\hibernate-core-6.1.4.Final.jar;C:\Users\vodan\.m2\repository\jakarta\persistence\jakarta.persistence-api\3.0.0\jakarta.persistence-api-3.0.0.jar;C:\Users\vodan\.m2\repository\jakarta\transaction\jakarta.transaction-api\2.0.0\jakarta.transaction-api-2.0.0.jar;C:\Users\vodan\.m2\repository\org\jboss\logging\jboss-logging\3.4.3.Final\jboss-logging-3.4.3.Final.jar;C:\Users\vodan\.m2\repository\org\hibernate\common\hibernate-commons-annotations\6.0.2.Final\hibernate-commons-annotations-6.0.2.Final.jar;C:\Users\vodan\.m2\repository\org\jboss\jandex\2.4.2.Final\jandex-2.4.2.Final.jar;C:\Users\vodan\.m2\repository\com\fasterxml\classmate\1.5.1\classmate-1.5.1.jar;C:\Users\vodan\.m2\repository\net\bytebuddy\byte-buddy\1.12.9\byte-buddy-1.12.9.jar;C:\Users\vodan\.m2\repository\jakarta\xml\bind\jakarta.xml.bind-api\3.0.1\jakarta.xml.bind-api-3.0.1.jar;C:\Users\vodan\.m2\repository\com\sun\activation\jakarta.activation\2.0.1\jakarta.activation-2.0.1.jar;C:\Users\vodan\.m2\repository\org\glassfish\jaxb\jaxb-runtime\3.0.2\jaxb-runtime-3.0.2.jar;C:\Users\vodan\.m2\repository\org\glassfish\jaxb\jaxb-core\3.0.2\jaxb-core-3.0.2.jar;C:\Users\vodan\.m2\repository\org\glassfish\jaxb\txw2\3.0.2\txw2-3.0.2.jar;C:\Users\vodan\.m2\repository\com\sun\istack\istack-commons-runtime\4.0.1\istack-commons-runtime-4.0.1.jar;C:\Users\vodan\.m2\repository\jakarta\inject\jakarta.inject-api\2.0.0\jakarta.inject-api-2.0.0.jar;C:\Users\vodan\.m2\repository\org\antlr\antlr4-runtime\4.10.1\antlr4-runtime-4.10.1.jar
Launcher Type: SUN_STANDARD

[Global flags]
     intx CICompilerCount                          = 3                                         {product} {ergonomic}
     uint ConcGCThreads                            = 1                                         {product} {ergonomic}
     uint G1ConcRefinementThreads                  = 4                                         {product} {ergonomic}
   size_t G1HeapRegionSize                         = 2097152                                   {product} {ergonomic}
    uintx GCDrainStackTargetSize                   = 64                                        {product} {ergonomic}
   size_t InitialHeapSize                          = 199229440                                 {product} {ergonomic}
   size_t MarkStackSize                            = 4194304                                   {product} {ergonomic}
   size_t MaxHeapSize                              = 3187671040                                {product} {ergonomic}
   size_t MinHeapDeltaBytes                        = 2097152                                   {product} {ergonomic}
   size_t MinHeapSize                              = 8388608                                   {product} {ergonomic}
    uintx NonNMethodCodeHeapSize                   = 5832780                                {pd product} {ergonomic}
    uintx NonProfiledCodeHeapSize                  = 122912730                              {pd product} {ergonomic}
    uintx ProfiledCodeHeapSize                     = 122912730                              {pd product} {ergonomic}
    uintx ReservedCodeCacheSize                    = 251658240                              {pd product} {ergonomic}
     bool SegmentedCodeCache                       = true                                      {product} {ergonomic}
     bool ShowCodeDetailsInExceptionMessages       = true                                   {manageable} {command line}
   size_t SoftMaxHeapSize                          = 3187671040                             {manageable} {ergonomic}
     bool UseCompressedClassPointers               = true                           {product lp64_product} {ergonomic}
     bool UseCompressedOops                        = true                           {product lp64_product} {ergonomic}
     bool UseG1GC                                  = true                                      {product} {ergonomic}
     bool UseLargePagesIndividualAllocation        = false                                  {pd product} {ergonomic}

Logging:
Log output configuration:
 #0: stdout all=warning uptime,level,tags
 #1: stderr all=off uptime,level,tags

Environment Variables:
JAVA_HOME=C:\Program Files\Java\jdk-17
PATH=C:\Program Files\Common Files\Oracle\Java\javapath;C:\Windows\system32;C:\Windows;C:\Windows\System32\Wbem;C:\Windows\System32\WindowsPowerShell\v1.0\;C:\Windows\System32\OpenSSH\;C:\Program Files\Microsoft SQL Server\Client SDK\ODBC\170\Tools\Binn\;C:\Program Files (x86)\Microsoft SQL Server\150\Tools\Binn\;C:\Program Files\Microsoft SQL Server\150\Tools\Binn\;C:\Program Files\Microsoft SQL Server\150\DTS\Binn\;C:\Program Files (x86)\Microsoft SQL Server\150\DTS\Binn\;C:\Program Files\Azure Data Studio\bin;C:\Program Files\Git\cmd;C:\Program Files\dotnet\;C:\Program Files\MongoDB\Server\6.0\bin;C:\Program Files\MongoDB\mongosh-1.5.4-win32-x64\bin;C:\Program Files\nodejs\;C:\Users\vodan\AppData\Local\Microsoft\WindowsApps;;C:\Program Files\Azure Data Studio\bin;C:\Users\vodan\AppData\Local\Programs\Microsoft VS Code\bin;C:\Users\vodan\.dotnet\tools;C:\Users\vodan\AppData\Roaming\npm
USERNAME=vodan
OS=Windows_NT
PROCESSOR_IDENTIFIER=Intel64 Family 6 Model 142 Stepping 9, GenuineIntel



---------------  S Y S T E M  ---------------

OS:
 Windows 10 , 64 bit Build 22000 (10.0.22000.1219)
OS uptime: 0 days 3:34 hours

CPU: total 4 (initial active 4) (2 cores per cpu, 2 threads per core) family 6 model 142 stepping 9 microcode 0xde, cx8, cmov, fxsr, ht, mmx, 3dnowpref, sse, sse2, sse3, ssse3, sse4.1, sse4.2, popcnt, lzcnt, tsc, tscinvbit, avx, avx2, aes, erms, clmul, bmi1, bmi2, adx, fma, vzeroupper, clflush, clflushopt

Memory: 4k page, system-wide physical 12153M (3208M free)
TotalPageFile size 20345M (AvailPageFile size 171M)
current process WorkingSet (physical memory assigned to process): 10M, peak: 10M
current process commit charge ("private bytes"): 51M, peak: 241M

vm_info: Java HotSpot(TM) 64-Bit Server VM (17+35-LTS-2724) for windows-amd64 JRE (17+35-LTS-2724), built on Aug  5 2021 23:28:28 by "mach5one" with MS VC++ 16.8 (VS2019)

END.
